Hartree-Fock Test Run
H atom 
iter     E_elec          ΔE
   1     -0.46658184     4.67e-1
   2     -0.27293035     1.94e-1
   3     -0.27293035      0.00e0
SCF converged

E_total = -0.2729303476897714

He atom 
iter     E_elec          ΔE
   1     -1.93174848      1.93e0
   2     -1.66782023     2.64e-1
   3     -1.66782023      0.00e0
SCF converged

E_total = -1.667820228659498

H2 (0.74 Å) 
iter     E_elec          ΔE
   1     -2.50661951      2.51e0
   2     -1.83186359     6.75e-1
   3     -1.83186359    6.66e-16
SCF converged

E_total = -1.1167592036302927

H2 (1.5 Å) 
iter     E_elec          ΔE
   1     -1.81636178      1.82e0
   2     -1.26365837     5.53e-1
   3     -1.26365837    2.22e-16
SCF converged

E_total = -0.9108735379443423

H2 (3.0 Å) 
iter     E_elec          ΔE
   1     -1.30380288      1.30e0
   2     -0.83244065     4.71e-1
   3     -0.83244065    2.22e-16
SCF converged

E_total = -0.6560482352331964

